[INFO|main.py:13] 2020-01-12 20:06:27,244 > input file : E:\python\python_project\extJuso\app\Files\INPUT.xlsx
[INFO|main.py:17] 2020-01-12 20:06:27,244 > output file : E:\python\python_project\extJuso\app\Files\OUTPUT.txt
[INFO|functions.py:20] 2020-01-12 20:06:27,244 > Start Juso Extract-makeOutput
[INFO|functions.py:70] 2020-01-12 20:06:27,257 > start time : 2020-01-12 20:06:27
[INFO|functions.py:82] 2020-01-12 20:06:27,272 > 0	1	강원도 태백시 장성동 62-1	   	       	1	1	1	0	정상	None	강원도 태백시 하장성1길 10(장성동)	강원도 태백시 하장성1길 10	(장성동)	강원도 태백시 장성동 62-1	10, Hajangseong 1-gil, Taebaek-si, Gangwon-do	26047	4219010200	421904466217	4219010200100620001008935	별관,본관,숙직실,창고	장성여자중학교	강원도	태백시	장성동	None	하장성1길	10	0	62	1	0	0	0	
[INFO|functions.py:82] 2020-01-12 20:06:27,282 > 1	2	강원도 태백시 장성동 109-3	   	       	1	1	1	0	정상	None	강원도 태백시 장성로 265(장성동)	강원도 태백시 장성로 265	(장성동)	강원도 태백시 장성동 109-3	265, Jangseong-ro, Taebaek-si, Gangwon-do	26047	4219010200	421903222014	4219010200101100002009577	별관,본관,창고,학도병기념관	태백중학교	강원도	태백시	장성동	None	장성로	265	0	109	3	0	0	0	
[INFO|functions.py:82] 2020-01-12 20:06:27,292 > 2	3	강원도 태백시 황지동 59-163	   	       	1	1	1	0	정상	None	강원도 태백시 문화로 16(황지동)	강원도 태백시 문화로 16	(황지동)	강원도 태백시 황지동 59-163	16, Munhwa-ro, Taebaek-si, Gangwon-do	26018	4219010100	421903222005	4219010100100590163005904	별관,본관,숙소,제1관사,제2관사,창고	황지중학교	강원도	태백시	황지동	None	문화로	16	0	59	163	0	0	0	
[INFO|functions.py:82] 2020-01-12 20:06:27,302 > 3	4	강원도 태백시 황지동 274-13	   	       	2	1	1	0	정상	None	강원도 태백시 연지로33번길 26(황지동)	강원도 태백시 연지로33번길 26	(황지동)	강원도 태백시 황지동 274-13	26, Yeonji-ro 33beon-gil, Taebaek-si, Gangwon-do	26026	4219010100	421904466147	4219010100102740013005884	별관,본관,수영장,창고	세연중학교	강원도	태백시	황지동	None	연지로33번길	26	0	274	13	0	0	0	
[INFO|functions.py:82] 2020-01-12 20:06:27,312 > 4	5	강원도 태백시 황지동 166-2	   	       	2	1	1	0	정상	None	강원도 태백시 번영로 11(황지동)	강원도 태백시 번영로 11	(황지동)	강원도 태백시 황지동 166-2	11, Beonyeong-ro, Taebaek-si, Gangwon-do	26036	4219010100	421903222006	4219010100101620002005722	본관,숙소	함태중학교	강원도	태백시	황지동	None	번영로	11	0	166	2	0	0	0	
[INFO|functions.py:82] 2020-01-12 20:06:27,322 > 5	6	강원도 태백시 황지동 123	   	       	12	1	1	0	정상	None	강원도 태백시 태백로 1221(황지동)	강원도 태백시 태백로 1221	(황지동)	강원도 태백시 황지동 123	1221, Taebaek-ro, Taebaek-si, Gangwon-do	26040	4219010100	421903000156	4219010100101230000003480	별관,본관	상장중학교	강원도	태백시	황지동	None	태백로	1221	0	123	0	0	0	0	
[INFO|functions.py:82] 2020-01-12 20:06:27,332 > 6	7	강원도 태백시 장성동 207-2	   	       	1	1	1	0	정상	None	강원도 태백시 태백로 1811(장성동)	강원도 태백시 태백로 1811	(장성동)	강원도 태백시 장성동 207-2	1811, Taebaek-ro, Taebaek-si, Gangwon-do	26050	4219010200	421903000156	4219010200102070002009586	관사,별관,본관,창고	태백초등학교	강원도	태백시	장성동	None	태백로	1811	0	207	2	0	0	0	
[INFO|functions.py:82] 2020-01-12 20:06:27,342 > 7	8	강원도 태백시 동점동 60-1	   	       	1	1	1	0	정상	None	강원도 태백시 방터골1길 59(동점동)	강원도 태백시 방터골1길 59	(동점동)	강원도 태백시 동점동 60-1	59, Bangteogol 1-gil, Taebaek-si, Gangwon-do	26048	4219010600	421904466060	4219010600100600001006280	가정집,급식소,본관,창고	동점초등학교	강원도	태백시	동점동	None	방터골1길	59	0	60	1	0	0	0	
[INFO|functions.py:82] 2020-01-12 20:06:27,352 > 8	9	강원도 태백시 황지동 123-1	   	       	1	1	1	0	정상	None	강원도 태백시 태백로 1223(황지동)	강원도 태백시 태백로 1223	(황지동)	강원도 태백시 황지동 123-1	1223, Taebaek-ro, Taebaek-si, Gangwon-do	26040	4219010100	421903000156	4219010100101230001003484	본관,창고	상장초등학교	강원도	태백시	황지동	None	태백로	1223	0	123	1	0	0	0	
[INFO|functions.py:82] 2020-01-12 20:06:27,362 > 9	10	강원도 태백시 철암동 341-2	   	       	1	1	1	0	정상	None	강원도 태백시 동태백로 584(철암동)	강원도 태백시 동태백로 584	(철암동)	강원도 태백시 철암동 341-2	584, Dongtaebaek-ro, Taebaek-si, Gangwon-do	26046	4219010400	421903222004	4219010400103410003006645	관사,별관 2,본관,창고	철암초등학교	강원도	태백시	철암동	None	동태백로	584	0	341	2	0	0	0	
[INFO|functions.py:82] 2020-01-12 20:06:27,372 > 10	11	강원도 태백시 소도동 5-5	   	       	1	1	1	0	정상	None	강원도 태백시 소도길 69(소도동)	강원도 태백시 소도길 69	(소도동)	강원도 태백시 소도동 5-5	69, Sodo-gil, Taebaek-si, Gangwon-do	26043	4219010700	421904466118	4219010700100050005011705	None	함태초등학교	강원도	태백시	소도동	None	소도길	69	0	5	5	0	0	0	
[INFO|functions.py:82] 2020-01-12 20:06:27,382 > 11	12	강원도 태백시 장성동 32-2	   	       	1	1	1	0	정상	None	강원도 태백시 평화길 44(장성동)	강원도 태백시 평화길 44	(장성동)	강원도 태백시 장성동 30	44, Pyeonghwa-gil, Taebaek-si, Gangwon-do	26047	4219010200	421904466214	4219010200100320002008739	병설유치원,본관,창고	삼성초등학교	강원도	태백시	장성동	None	평화길	44	0	30	0	0	0	0	
[INFO|functions.py:82] 2020-01-12 20:06:27,392 > 12	13	강원도 태백시 황지동 274-724	   	       	1	1	1	0	정상	None	강원도 태백시 태백로 802(황지동)	강원도 태백시 태백로 802	(황지동)	강원도 태백시 황지동 274-724	802, Taebaek-ro, Taebaek-si, Gangwon-do	26025	4219010100	421903000156	4219010100102740724005582	별관,본관,창고	태서초등학교	강원도	태백시	황지동	None	태백로	802	0	274	724	0	0	0	
[INFO|functions.py:82] 2020-01-12 20:06:27,403 > 13	14	강원도 태백시 통동 69-8	   	       	3	1	1	0	정상	None	강원도 태백시 통골2길 9(통동)	강원도 태백시 통골2길 9	(통동)	강원도 태백시 통동 69-8	9, Tonggol 2-gil, Taebaek-si, Gangwon-do	26029	4219011200	421904466202	4219011200100690009006888	별관,본관	통리초등학교	강원도	태백시	통동	None	통골2길	9	0	69	8	0	0	0	
[INFO|functions.py:82] 2020-01-12 20:06:27,413 > 14	15	강원도 태백시 황지동 274-10	   	       	1	1	1	0	정상	None	강원도 태백시 태백로 810(황지동)	강원도 태백시 태백로 810	(황지동)	강원도 태백시 황지동 274-10	810, Taebaek-ro, Taebaek-si, Gangwon-do	26025	4219010100	421903000156	4219010100102740010005313	관사,별관,별관2,본관,창고	황지중앙초등학교	강원도	태백시	황지동	None	태백로	810	0	274	10	0	0	0	
[INFO|functions.py:82] 2020-01-12 20:06:27,423 > 15	16	강원도 태백시 황지동 85-1	   	       	1	1	1	0	정상	None	강원도 태백시 황지로 63(황지동)	강원도 태백시 황지로 63	(황지동)	강원도 태백시 황지동 85-1	63, Hwangji-ro, Taebaek-si, Gangwon-do	26020	4219010100	421903222013	4219010100100850001005923	관사,별관 1,별관 2,별관 3,본관,창고	황지초등학교	강원도	태백시	황지동	None	황지로	63	0	85	1	0	0	0	
[INFO|functions.py:82] 2020-01-12 20:06:27,433 > 16	17	강원도 태백시 원동 6-3	   	       	1	1	1	0	정상	None	강원도 태백시 역둔원동로 1405(원동)	강원도 태백시 역둔원동로 1405	(원동)	강원도 태백시 원동 6-3	1405, Yeokdunwondong-ro, Taebaek-si, Gangwon-do	26001	4219011400	421903224038	4219011400100060003000514	관사,본관,창고,화장실	미동초교	강원도	태백시	원동	None	역둔원동로	1405	0	6	3	0	0	0	
[INFO|functions.py:82] 2020-01-12 20:06:27,443 > 17	18	강원도 태백시 장성동 153-1	   	       	3	1	1	0	정상	None	강원도 태백시 보드미길 26(장성동)	강원도 태백시 보드미길 26	(장성동)	강원도 태백시 장성동 153-1	26, Bodeumi-gil, Taebaek-si, Gangwon-do	26052	4219010200	421904466075	4219010200101530001008951	관사,별관,본관,숙소,창고,체육관	장성초등학교	강원도	태백시	장성동	None	보드미길	26	0	153	1	0	0	0	
[INFO|functions.py:82] 2020-01-12 20:06:27,453 > 18	19	강원도 태백시 금천동 14	   	       	4	1	1	0	정상	None	강원도 태백시 금천길 183(금천동)	강원도 태백시 금천길 183	(금천동)	강원도 태백시 금천동 14-2	183, Geumcheon-gil, Taebaek-si, Gangwon-do	26053	4219010300	421904466026	4219010300100200000011207	None	None	강원도	태백시	금천동	None	금천길	183	0	14	2	0	0	0	
[INFO|functions.py:82] 2020-01-12 20:06:27,463 > 19	20	강원도 태백시 금천동 12-20	   	       	1	1	1	0	정상	None	강원도 태백시 금천길 159(금천동)	강원도 태백시 금천길 159	(금천동)	강원도 태백시 금천동 12-12	159, Geumcheon-gil, Taebaek-si, Gangwon-do	26053	4219010300	421904466026	4219010300100120012000001	None	None	강원도	태백시	금천동	None	금천길	159	0	12	12	0	0	0	
[INFO|functions.py:82] 2020-01-12 20:06:27,474 > 20	21	강원도 태백시 혈동 175-2	   	       	1	1	1	0	정상	None	강원도 태백시 태백산로 4121(혈동)	강원도 태백시 태백산로 4121	(혈동)	강원도 태백시 혈동 175-2	4121, Taebaeksan-ro, Taebaek-si, Gangwon-do	26042	4219010800	421903013014	4219010800101750002009663	None	태백현장 체험학습장	강원도	태백시	혈동	None	태백산로	4121	0	175	2	0	0	0	
[INFO|functions.py:82] 2020-01-12 20:06:27,484 > 21	22	강원도 평창군 평창읍 중리 160	   	       	1	1	1	0	정상	None	강원도 평창군 평창읍 노람들길 141	강원도 평창군 평창읍 노람들길 141	None	강원도 평창군 평창읍 중리 160	141, Noramdeul-gil, Pyeongchang-eup, Pyeongchang-gun, Gangwon-do	25375	4276025022	427604484064	4276025022101600000020233	None	평창고등학교	강원도	평창군	평창읍	중리	노람들길	141	0	160	0	0	0	0	
[INFO|functions.py:82] 2020-01-12 20:06:27,494 > 22	23	강원도 평창군 평창읍 중리 116-1	   	       	1	1	1	0	정상	None	강원도 평창군 평창읍 노성로 265-46	강원도 평창군 평창읍 노성로 265-46	None	강원도 평창군 평창읍 중리 116-1	265-46, Noseong-ro, Pyeongchang-eup, Pyeongchang-gun, Gangwon-do	25375	4276025022	427603228005	4276025022101160001024541	None	None	강원도	평창군	평창읍	중리	노성로	265	46	116	1	0	0	0	
[INFO|functions.py:82] 2020-01-12 20:06:27,504 > 23	24	강원도 평창군 평창읍 중리 185-2	   	       	0	1	1	0	정상	
[INFO|functions.py:82] 2020-01-12 20:06:27,514 > 24	25	강원도 평창군 대화면 대화리 440-3	   	       	1	1	1	0	정상	None	강원도 평창군 대화면 남산길 20-1	강원도 평창군 대화면 남산길 20-1	None	강원도 평창군 대화면 대화리 440-3	20-1, Namsan-gil, Daehwa-myeon, Pyeongchang-gun, Gangwon-do	25360	4276033021	427604484060	4276033021104400003006076	None	None	강원도	평창군	대화면	대화리	남산길	20	1	440	3	0	0	0	
[INFO|functions.py:82] 2020-01-12 20:06:27,529 > 25	26	강원도 평창군 대화면 대화리 476	   	       	2	1	1	0	정상	None	강원도 평창군 대화면 던짓골길 396-44	강원도 평창군 대화면 던짓골길 396-44	None	강원도 평창군 대화면 대화리 47-6	396-44, Deonjitgol-gil, Daehwa-myeon, Pyeongchang-gun, Gangwon-do	25355	4276033021	427604484098	4276033021100470006000001	None	None	강원도	평창군	대화면	대화리	던짓골길	396	44	47	6	0	0	0	
[INFO|functions.py:82] 2020-01-12 20:06:27,540 > 26	27	강원도 평창군 진부면 하진부리 258-2	   	       	1	1	1	0	정상	None	강원도 평창군 진부면 솔천길 69	강원도 평창군 진부면 솔천길 69	None	강원도 평창군 진부면 하진부리 258-2	69, Solcheon-gil, Jinbu-myeon, Pyeongchang-gun, Gangwon-do	25333	4276036021	427604484220	4276036021102580002014516	None	진부중.고등학교	강원도	평창군	진부면	하진부리	솔천길	69	0	258	2	0	0	0	
[INFO|functions.py:82] 2020-01-12 20:06:27,550 > 27	28	강원도 평창군 봉평면 창동리 332	   	       	1	1	1	0	정상	None	강원도 평창군 봉평면 기풍4길 27-6	강원도 평창군 봉평면 기풍4길 27-6	None	강원도 평창군 봉평면 창동리 332	27-6, Gipung 4-gil, Bongpyeong-myeon, Pyeongchang-gun, Gangwon-do	25303	4276034021	427604484048	4276034021103650007132123	교사동,다목적체육관	봉평중고등학교	강원도	평창군	봉평면	창동리	기풍4길	27	6	332	0	0	0	0	
[INFO|functions.py:82] 2020-01-12 20:06:27,560 > 28	29	강원도 평창군 평창읍 하리 104-3	   	       	2	1	1	0	정상	None	강원도 평창군 평창읍 평창중앙로 83-17	강원도 평창군 평창읍 평창중앙로 83-17	None	강원도 평창군 평창읍 하리 104-3	83-17, Pyeongchangjungang-ro, Pyeongchang-eup, Pyeongchang-gun, Gangwon-do	25374	4276025023	427603228029	4276025023101040003026137	None	평창도서관	강원도	평창군	평창읍	하리	평창중앙로	83	17	104	3	0	0	0	
[INFO|functions.py:82] 2020-01-12 20:06:27,570 > 29	30	강원도 평창군 평창읍 중리 288	   	       	2	1	1	0	정상	None	강원도 평창군 평창읍 노성로 193-2	강원도 평창군 평창읍 노성로 193-2	None	강원도 평창군 평창읍 중리 288	193-2, Noseong-ro, Pyeongchang-eup, Pyeongchang-gun, Gangwon-do	25375	4276025022	427603228005	4276025022102880000025131	None	None	강원도	평창군	평창읍	중리	노성로	193	2	288	0	0	0	0	
[INFO|functions.py:93] 2020-01-12 20:06:27,571 > End Juso Extract
[INFO|main.py:13] 2020-01-12 20:32:35,590 > input file : E:\python\python_project\extJuso\app\Files\INPUT.xlsx
[INFO|main.py:17] 2020-01-12 20:32:35,590 > output file : E:\python\python_project\extJuso\app\Files\OUTPUT.txt
[INFO|functions.py:20] 2020-01-12 20:32:35,590 > Start Juso Extract-makeOutput
[INFO|functions.py:70] 2020-01-12 20:32:35,602 > start time : 2020-01-12 20:32:35
[INFO|functions.py:82] 2020-01-12 20:32:35,618 > 0	1	강원도 태백시 장성동 62-1	   	       	1	1	1	0	정상	None	강원도 태백시 하장성1길 10(장성동)	강원도 태백시 하장성1길 10	(장성동)	강원도 태백시 장성동 62-1	10, Hajangseong 1-gil, Taebaek-si, Gangwon-do	26047	4219010200	421904466217	4219010200100620001008935	별관,본관,숙직실,창고	장성여자중학교	강원도	태백시	장성동	None	하장성1길	10	0	62	1	0	0	0	
[INFO|functions.py:82] 2020-01-12 20:32:35,628 > 1	2	강원도 태백시 장성동 109-3	   	       	1	1	1	0	정상	None	강원도 태백시 장성로 265(장성동)	강원도 태백시 장성로 265	(장성동)	강원도 태백시 장성동 109-3	265, Jangseong-ro, Taebaek-si, Gangwon-do	26047	4219010200	421903222014	4219010200101100002009577	별관,본관,창고,학도병기념관	태백중학교	강원도	태백시	장성동	None	장성로	265	0	109	3	0	0	0	
[INFO|functions.py:82] 2020-01-12 20:32:35,638 > 2	3	강원도 태백시 황지동 59-163	   	       	1	1	1	0	정상	None	강원도 태백시 문화로 16(황지동)	강원도 태백시 문화로 16	(황지동)	강원도 태백시 황지동 59-163	16, Munhwa-ro, Taebaek-si, Gangwon-do	26018	4219010100	421903222005	4219010100100590163005904	별관,본관,숙소,제1관사,제2관사,창고	황지중학교	강원도	태백시	황지동	None	문화로	16	0	59	163	0	0	0	
[INFO|functions.py:82] 2020-01-12 20:32:35,648 > 3	4	강원도 태백시 황지동 274-13	   	       	2	1	1	0	정상	None	강원도 태백시 연지로33번길 26(황지동)	강원도 태백시 연지로33번길 26	(황지동)	강원도 태백시 황지동 274-13	26, Yeonji-ro 33beon-gil, Taebaek-si, Gangwon-do	26026	4219010100	421904466147	4219010100102740013005884	별관,본관,수영장,창고	세연중학교	강원도	태백시	황지동	None	연지로33번길	26	0	274	13	0	0	0	
[INFO|functions.py:82] 2020-01-12 20:32:35,658 > 4	5	강원도 태백시 황지동 166-2	   	       	2	1	1	0	정상	None	강원도 태백시 번영로 11(황지동)	강원도 태백시 번영로 11	(황지동)	강원도 태백시 황지동 166-2	11, Beonyeong-ro, Taebaek-si, Gangwon-do	26036	4219010100	421903222006	4219010100101620002005722	본관,숙소	함태중학교	강원도	태백시	황지동	None	번영로	11	0	166	2	0	0	0	
[INFO|functions.py:82] 2020-01-12 20:32:35,668 > 5	6	강원도 태백시 황지동 123	   	       	12	1	1	0	정상	None	강원도 태백시 태백로 1221(황지동)	강원도 태백시 태백로 1221	(황지동)	강원도 태백시 황지동 123	1221, Taebaek-ro, Taebaek-si, Gangwon-do	26040	4219010100	421903000156	4219010100101230000003480	별관,본관	상장중학교	강원도	태백시	황지동	None	태백로	1221	0	123	0	0	0	0	
[INFO|functions.py:82] 2020-01-12 20:32:35,678 > 6	7	강원도 태백시 장성동 207-2	   	       	1	1	1	0	정상	None	강원도 태백시 태백로 1811(장성동)	강원도 태백시 태백로 1811	(장성동)	강원도 태백시 장성동 207-2	1811, Taebaek-ro, Taebaek-si, Gangwon-do	26050	4219010200	421903000156	4219010200102070002009586	관사,별관,본관,창고	태백초등학교	강원도	태백시	장성동	None	태백로	1811	0	207	2	0	0	0	
[INFO|functions.py:82] 2020-01-12 20:32:35,688 > 7	8	강원도 태백시 동점동 60-1	   	       	1	1	1	0	정상	None	강원도 태백시 방터골1길 59(동점동)	강원도 태백시 방터골1길 59	(동점동)	강원도 태백시 동점동 60-1	59, Bangteogol 1-gil, Taebaek-si, Gangwon-do	26048	4219010600	421904466060	4219010600100600001006280	가정집,급식소,본관,창고	동점초등학교	강원도	태백시	동점동	None	방터골1길	59	0	60	1	0	0	0	
[INFO|functions.py:82] 2020-01-12 20:32:35,698 > 8	9	강원도 태백시 황지동 123-1	   	       	1	1	1	0	정상	None	강원도 태백시 태백로 1223(황지동)	강원도 태백시 태백로 1223	(황지동)	강원도 태백시 황지동 123-1	1223, Taebaek-ro, Taebaek-si, Gangwon-do	26040	4219010100	421903000156	4219010100101230001003484	본관,창고	상장초등학교	강원도	태백시	황지동	None	태백로	1223	0	123	1	0	0	0	
[INFO|functions.py:82] 2020-01-12 20:32:35,708 > 9	10	강원도 태백시 철암동 341-2	   	       	1	1	1	0	정상	None	강원도 태백시 동태백로 584(철암동)	강원도 태백시 동태백로 584	(철암동)	강원도 태백시 철암동 341-2	584, Dongtaebaek-ro, Taebaek-si, Gangwon-do	26046	4219010400	421903222004	4219010400103410003006645	관사,별관 2,본관,창고	철암초등학교	강원도	태백시	철암동	None	동태백로	584	0	341	2	0	0	0	
[INFO|functions.py:82] 2020-01-12 20:32:35,718 > 10	11	강원도 태백시 소도동 5-5	   	       	1	1	1	0	정상	None	강원도 태백시 소도길 69(소도동)	강원도 태백시 소도길 69	(소도동)	강원도 태백시 소도동 5-5	69, Sodo-gil, Taebaek-si, Gangwon-do	26043	4219010700	421904466118	4219010700100050005011705	None	함태초등학교	강원도	태백시	소도동	None	소도길	69	0	5	5	0	0	0	
[INFO|functions.py:82] 2020-01-12 20:32:35,728 > 11	12	강원도 태백시 장성동 32-2	   	       	1	1	1	0	정상	None	강원도 태백시 평화길 44(장성동)	강원도 태백시 평화길 44	(장성동)	강원도 태백시 장성동 30	44, Pyeonghwa-gil, Taebaek-si, Gangwon-do	26047	4219010200	421904466214	4219010200100320002008739	병설유치원,본관,창고	삼성초등학교	강원도	태백시	장성동	None	평화길	44	0	30	0	0	0	0	
[INFO|functions.py:82] 2020-01-12 20:32:35,738 > 12	13	강원도 태백시 황지동 274-724	   	       	1	1	1	0	정상	None	강원도 태백시 태백로 802(황지동)	강원도 태백시 태백로 802	(황지동)	강원도 태백시 황지동 274-724	802, Taebaek-ro, Taebaek-si, Gangwon-do	26025	4219010100	421903000156	4219010100102740724005582	별관,본관,창고	태서초등학교	강원도	태백시	황지동	None	태백로	802	0	274	724	0	0	0	
[INFO|functions.py:82] 2020-01-12 20:32:35,748 > 13	14	강원도 태백시 통동 69-8	   	       	3	1	1	0	정상	None	강원도 태백시 통골2길 9(통동)	강원도 태백시 통골2길 9	(통동)	강원도 태백시 통동 69-8	9, Tonggol 2-gil, Taebaek-si, Gangwon-do	26029	4219011200	421904466202	4219011200100690009006888	별관,본관	통리초등학교	강원도	태백시	통동	None	통골2길	9	0	69	8	0	0	0	
[INFO|functions.py:82] 2020-01-12 20:32:35,758 > 14	15	강원도 태백시 황지동 274-10	   	       	1	1	1	0	정상	None	강원도 태백시 태백로 810(황지동)	강원도 태백시 태백로 810	(황지동)	강원도 태백시 황지동 274-10	810, Taebaek-ro, Taebaek-si, Gangwon-do	26025	4219010100	421903000156	4219010100102740010005313	관사,별관,별관2,본관,창고	황지중앙초등학교	강원도	태백시	황지동	None	태백로	810	0	274	10	0	0	0	
[INFO|functions.py:82] 2020-01-12 20:32:35,768 > 15	16	강원도 태백시 황지동 85-1	   	       	1	1	1	0	정상	None	강원도 태백시 황지로 63(황지동)	강원도 태백시 황지로 63	(황지동)	강원도 태백시 황지동 85-1	63, Hwangji-ro, Taebaek-si, Gangwon-do	26020	4219010100	421903222013	4219010100100850001005923	관사,별관 1,별관 2,별관 3,본관,창고	황지초등학교	강원도	태백시	황지동	None	황지로	63	0	85	1	0	0	0	
[INFO|functions.py:82] 2020-01-12 20:32:35,778 > 16	17	강원도 태백시 원동 6-3	   	       	1	1	1	0	정상	None	강원도 태백시 역둔원동로 1405(원동)	강원도 태백시 역둔원동로 1405	(원동)	강원도 태백시 원동 6-3	1405, Yeokdunwondong-ro, Taebaek-si, Gangwon-do	26001	4219011400	421903224038	4219011400100060003000514	관사,본관,창고,화장실	미동초교	강원도	태백시	원동	None	역둔원동로	1405	0	6	3	0	0	0	
[INFO|functions.py:82] 2020-01-12 20:32:35,788 > 17	18	강원도 태백시 장성동 153-1	   	       	3	1	1	0	정상	None	강원도 태백시 보드미길 26(장성동)	강원도 태백시 보드미길 26	(장성동)	강원도 태백시 장성동 153-1	26, Bodeumi-gil, Taebaek-si, Gangwon-do	26052	4219010200	421904466075	4219010200101530001008951	관사,별관,본관,숙소,창고,체육관	장성초등학교	강원도	태백시	장성동	None	보드미길	26	0	153	1	0	0	0	
[INFO|functions.py:82] 2020-01-12 20:32:35,798 > 18	19	강원도 태백시 금천동 14	   	       	4	1	1	0	정상	None	강원도 태백시 금천길 183(금천동)	강원도 태백시 금천길 183	(금천동)	강원도 태백시 금천동 14-2	183, Geumcheon-gil, Taebaek-si, Gangwon-do	26053	4219010300	421904466026	4219010300100200000011207	None	None	강원도	태백시	금천동	None	금천길	183	0	14	2	0	0	0	
[INFO|functions.py:82] 2020-01-12 20:32:35,808 > 19	20	강원도 태백시 금천동 12-20	   	       	1	1	1	0	정상	None	강원도 태백시 금천길 159(금천동)	강원도 태백시 금천길 159	(금천동)	강원도 태백시 금천동 12-12	159, Geumcheon-gil, Taebaek-si, Gangwon-do	26053	4219010300	421904466026	4219010300100120012000001	None	None	강원도	태백시	금천동	None	금천길	159	0	12	12	0	0	0	
[INFO|functions.py:82] 2020-01-12 20:32:35,818 > 20	21	강원도 태백시 혈동 175-2	   	       	1	1	1	0	정상	None	강원도 태백시 태백산로 4121(혈동)	강원도 태백시 태백산로 4121	(혈동)	강원도 태백시 혈동 175-2	4121, Taebaeksan-ro, Taebaek-si, Gangwon-do	26042	4219010800	421903013014	4219010800101750002009663	None	태백현장 체험학습장	강원도	태백시	혈동	None	태백산로	4121	0	175	2	0	0	0	
[INFO|functions.py:82] 2020-01-12 20:32:35,828 > 21	22	강원도 평창군 평창읍 중리 160	   	       	1	1	1	0	정상	None	강원도 평창군 평창읍 노람들길 141	강원도 평창군 평창읍 노람들길 141	None	강원도 평창군 평창읍 중리 160	141, Noramdeul-gil, Pyeongchang-eup, Pyeongchang-gun, Gangwon-do	25375	4276025022	427604484064	4276025022101600000020233	None	평창고등학교	강원도	평창군	평창읍	중리	노람들길	141	0	160	0	0	0	0	
[INFO|functions.py:82] 2020-01-12 20:32:35,838 > 22	23	강원도 평창군 평창읍 중리 116-1	   	       	1	1	1	0	정상	None	강원도 평창군 평창읍 노성로 265-46	강원도 평창군 평창읍 노성로 265-46	None	강원도 평창군 평창읍 중리 116-1	265-46, Noseong-ro, Pyeongchang-eup, Pyeongchang-gun, Gangwon-do	25375	4276025022	427603228005	4276025022101160001024541	None	None	강원도	평창군	평창읍	중리	노성로	265	46	116	1	0	0	0	
[INFO|functions.py:82] 2020-01-12 20:32:35,848 > 23	24	강원도 평창군 평창읍 중리 185-2	   	       	0	1	1	0	정상	
[INFO|functions.py:82] 2020-01-12 20:32:35,859 > 24	25	강원도 평창군 대화면 대화리 440-3	   	       	1	1	1	0	정상	None	강원도 평창군 대화면 남산길 20-1	강원도 평창군 대화면 남산길 20-1	None	강원도 평창군 대화면 대화리 440-3	20-1, Namsan-gil, Daehwa-myeon, Pyeongchang-gun, Gangwon-do	25360	4276033021	427604484060	4276033021104400003006076	None	None	강원도	평창군	대화면	대화리	남산길	20	1	440	3	0	0	0	
[INFO|functions.py:82] 2020-01-12 20:32:35,869 > 25	26	강원도 평창군 대화면 대화리 476	   	       	2	1	1	0	정상	None	강원도 평창군 대화면 던짓골길 396-44	강원도 평창군 대화면 던짓골길 396-44	None	강원도 평창군 대화면 대화리 47-6	396-44, Deonjitgol-gil, Daehwa-myeon, Pyeongchang-gun, Gangwon-do	25355	4276033021	427604484098	4276033021100470006000001	None	None	강원도	평창군	대화면	대화리	던짓골길	396	44	47	6	0	0	0	
[INFO|functions.py:82] 2020-01-12 20:32:35,879 > 26	27	강원도 평창군 진부면 하진부리 258-2	   	       	1	1	1	0	정상	None	강원도 평창군 진부면 솔천길 69	강원도 평창군 진부면 솔천길 69	None	강원도 평창군 진부면 하진부리 258-2	69, Solcheon-gil, Jinbu-myeon, Pyeongchang-gun, Gangwon-do	25333	4276036021	427604484220	4276036021102580002014516	None	진부중.고등학교	강원도	평창군	진부면	하진부리	솔천길	69	0	258	2	0	0	0	
[INFO|functions.py:82] 2020-01-12 20:32:35,889 > 27	28	강원도 평창군 봉평면 창동리 332	   	       	1	1	1	0	정상	None	강원도 평창군 봉평면 기풍4길 27-6	강원도 평창군 봉평면 기풍4길 27-6	None	강원도 평창군 봉평면 창동리 332	27-6, Gipung 4-gil, Bongpyeong-myeon, Pyeongchang-gun, Gangwon-do	25303	4276034021	427604484048	4276034021103650007132123	교사동,다목적체육관	봉평중고등학교	강원도	평창군	봉평면	창동리	기풍4길	27	6	332	0	0	0	0	
[INFO|functions.py:82] 2020-01-12 20:32:35,899 > 28	29	강원도 평창군 평창읍 하리 104-3	   	       	2	1	1	0	정상	None	강원도 평창군 평창읍 평창중앙로 83-17	강원도 평창군 평창읍 평창중앙로 83-17	None	강원도 평창군 평창읍 하리 104-3	83-17, Pyeongchangjungang-ro, Pyeongchang-eup, Pyeongchang-gun, Gangwon-do	25374	4276025023	427603228029	4276025023101040003026137	None	평창도서관	강원도	평창군	평창읍	하리	평창중앙로	83	17	104	3	0	0	0	
[INFO|functions.py:82] 2020-01-12 20:32:35,909 > 29	30	강원도 평창군 평창읍 중리 288	   	       	2	1	1	0	정상	None	강원도 평창군 평창읍 노성로 193-2	강원도 평창군 평창읍 노성로 193-2	None	강원도 평창군 평창읍 중리 288	193-2, Noseong-ro, Pyeongchang-eup, Pyeongchang-gun, Gangwon-do	25375	4276025022	427603228005	4276025022102880000025131	None	None	강원도	평창군	평창읍	중리	노성로	193	2	288	0	0	0	0	
[INFO|functions.py:93] 2020-01-12 20:32:35,909 > End Juso Extract
[INFO|main.py:13] 2020-01-12 20:59:01,542 > input file : E:\python\python_project\extJuso\app\Files\INPUT.xlsx
[INFO|main.py:17] 2020-01-12 20:59:01,542 > output file : E:\python\python_project\extJuso\app\Files\OUTPUT.txt
[INFO|functions.py:20] 2020-01-12 20:59:01,542 > Start Juso Extract-makeOutput
[INFO|functions.py:70] 2020-01-12 20:59:01,555 > start time : 2020-01-12 20:59:01
[INFO|main.py:22] 2020-01-12 20:59:03,569 > <urlopen error [WinError 10061] 대상 컴퓨터에서 연결을 거부했으므로 연결하지 못했습니다>
[INFO|main.py:13] 2020-01-12 21:02:02,572 > input file : E:\python\python_project\extJuso\app\Files\INPUT.xlsx
[INFO|main.py:17] 2020-01-12 21:02:02,572 > output file : E:\python\python_project\extJuso\app\Files\OUTPUT.txt
[INFO|functions.py:20] 2020-01-12 21:02:02,572 > Start Juso Extract-makeOutput
[INFO|functions.py:70] 2020-01-12 21:02:02,585 > start time : 2020-01-12 21:02:02
[INFO|main.py:22] 2020-01-12 21:02:04,598 > <urlopen error [WinError 10061] 대상 컴퓨터에서 연결을 거부했으므로 연결하지 못했습니다>
[INFO|main.py:13] 2020-01-12 21:02:24,615 > input file : E:\python\python_project\extJuso\app\Files\INPUT.xlsx
[INFO|main.py:17] 2020-01-12 21:02:24,615 > output file : E:\python\python_project\extJuso\app\Files\OUTPUT.txt
[INFO|functions.py:20] 2020-01-12 21:02:24,616 > Start Juso Extract-makeOutput
[INFO|functions.py:70] 2020-01-12 21:02:24,629 > start time : 2020-01-12 21:02:24
[INFO|main.py:22] 2020-01-12 21:02:26,640 > <urlopen error [WinError 10061] 대상 컴퓨터에서 연결을 거부했으므로 연결하지 못했습니다>
[INFO|main.py:13] 2020-01-12 21:03:19,332 > input file : E:\python\python_project\extJuso\app\Files\INPUT.xlsx
[INFO|main.py:17] 2020-01-12 21:03:19,332 > output file : E:\python\python_project\extJuso\app\Files\OUTPUT.txt
[INFO|functions.py:20] 2020-01-12 21:03:19,332 > Start Juso Extract-makeOutput
[INFO|functions.py:70] 2020-01-12 21:03:19,345 > start time : 2020-01-12 21:03:19
[INFO|main.py:22] 2020-01-12 21:03:21,357 > <urlopen error [WinError 10061] 대상 컴퓨터에서 연결을 거부했으므로 연결하지 못했습니다>
[INFO|main.py:13] 2020-01-12 21:07:23,391 > input file : E:\python\python_project\extJuso\app\Files\INPUT.xlsx
[INFO|main.py:17] 2020-01-12 21:07:23,391 > output file : E:\python\python_project\extJuso\app\Files\OUTPUT.txt
[INFO|functions.py:20] 2020-01-12 21:07:23,391 > Start Juso Extract-makeOutput
[INFO|functions.py:70] 2020-01-12 21:07:23,404 > start time : 2020-01-12 21:07:23
[INFO|main.py:22] 2020-01-12 21:07:25,417 > <urlopen error [WinError 10061] 대상 컴퓨터에서 연결을 거부했으므로 연결하지 못했습니다>
[INFO|main.py:13] 2020-01-12 21:07:29,848 > input file : E:\python\python_project\extJuso\app\Files\INPUT.xlsx
[INFO|main.py:17] 2020-01-12 21:07:29,848 > output file : E:\python\python_project\extJuso\app\Files\OUTPUT.txt
[INFO|functions.py:20] 2020-01-12 21:07:29,849 > Start Juso Extract-makeOutput
[INFO|functions.py:70] 2020-01-12 21:07:29,861 > start time : 2020-01-12 21:07:29
[INFO|main.py:22] 2020-01-12 21:07:31,874 > <urlopen error [WinError 10061] 대상 컴퓨터에서 연결을 거부했으므로 연결하지 못했습니다>
[INFO|main.py:13] 2020-01-12 21:07:51,625 > input file : E:\python\python_project\extJuso\app\Files\INPUT.xlsx
[INFO|main.py:17] 2020-01-12 21:07:51,625 > output file : E:\python\python_project\extJuso\app\Files\OUTPUT.txt
[INFO|functions.py:20] 2020-01-12 21:07:51,625 > Start Juso Extract-makeOutput
[INFO|functions.py:70] 2020-01-12 21:07:51,638 > start time : 2020-01-12 21:07:51
[INFO|main.py:22] 2020-01-12 21:07:53,653 > <urlopen error [WinError 10061] 대상 컴퓨터에서 연결을 거부했으므로 연결하지 못했습니다>
[INFO|main.py:13] 2020-01-12 21:08:26,919 > input file : E:\python\python_project\extJuso\app\Files\INPUT.xlsx
[INFO|main.py:17] 2020-01-12 21:08:26,919 > output file : E:\python\python_project\extJuso\app\Files\OUTPUT.txt
[INFO|functions.py:20] 2020-01-12 21:08:26,920 > Start Juso Extract-makeOutput
[INFO|functions.py:70] 2020-01-12 21:08:26,932 > start time : 2020-01-12 21:08:26
[INFO|main.py:22] 2020-01-12 21:08:28,945 > <urlopen error [WinError 10061] 대상 컴퓨터에서 연결을 거부했으므로 연결하지 못했습니다>
[INFO|main.py:13] 2020-01-12 21:10:21,520 > input file : E:\python\python_project\extJuso\app\Files\INPUT.xlsx
[INFO|main.py:17] 2020-01-12 21:10:21,521 > output file : E:\python\python_project\extJuso\app\Files\OUTPUT.txt
[INFO|main.py:22] 2020-01-12 21:10:21,521 > module 'Module.logger' has no attribute 'info'
[INFO|main.py:13] 2020-01-12 21:11:32,177 > input file : E:\python\python_project\extJuso\app\Files\INPUT.xlsx
[INFO|main.py:17] 2020-01-12 21:11:32,177 > output file : E:\python\python_project\extJuso\app\Files\OUTPUT.txt
[INFO|functions.py:20] 2020-01-12 21:11:32,177 > Start Juso Extract-makeOutput
[INFO|functions.py:70] 2020-01-12 21:11:32,189 > start time : 2020-01-12 21:11:32
[INFO|main.py:22] 2020-01-12 21:11:34,203 > <urlopen error [WinError 10061] 대상 컴퓨터에서 연결을 거부했으므로 연결하지 못했습니다>
[INFO|main.py:13] 2020-01-12 21:12:51,599 > input file : E:\python\python_project\extJuso\app\Files\INPUT.xlsx
[INFO|main.py:17] 2020-01-12 21:12:51,600 > output file : E:\python\python_project\extJuso\app\Files\OUTPUT.txt
[INFO|functions.py:20] 2020-01-12 21:12:51,600 > Start Juso Extract-makeOutput
[INFO|functions.py:70] 2020-01-12 21:12:51,613 > start time : 2020-01-12 21:12:51
[INFO|main.py:22] 2020-01-12 21:12:53,626 > <urlopen error [WinError 10061] 대상 컴퓨터에서 연결을 거부했으므로 연결하지 못했습니다>
[INFO|main.py:13] 2020-01-12 21:12:55,695 > input file : E:\python\python_project\extJuso\app\Files\INPUT.xlsx
[INFO|main.py:17] 2020-01-12 21:12:55,696 > output file : E:\python\python_project\extJuso\app\Files\OUTPUT.txt
[INFO|functions.py:20] 2020-01-12 21:12:55,696 > Start Juso Extract-makeOutput
[INFO|functions.py:70] 2020-01-12 21:12:55,709 > start time : 2020-01-12 21:12:55
[INFO|main.py:22] 2020-01-12 21:12:57,722 > <urlopen error [WinError 10061] 대상 컴퓨터에서 연결을 거부했으므로 연결하지 못했습니다>
[INFO|main.py:13] 2020-01-12 21:13:16,536 > input file : E:\python\python_project\extJuso\app\Files\INPUT.xlsx
[INFO|main.py:17] 2020-01-12 21:13:16,536 > output file : E:\python\python_project\extJuso\app\Files\OUTPUT.txt
[INFO|functions.py:20] 2020-01-12 21:13:16,536 > Start Juso Extract-makeOutput
[INFO|functions.py:70] 2020-01-12 21:13:16,549 > start time : 2020-01-12 21:13:16
[INFO|functions.py:82] 2020-01-12 21:13:17,116 > 0	1	강원도 태백시 장성동 62-1	   	       	1	1	1	0	정상	None	강원도 태백시 하장성1길 10(장성동)	강원도 태백시 하장성1길 10	(장성동)	강원도 태백시 장성동 62-1	10, Hajangseong 1-gil, Taebaek-si, Gangwon-do	26047	4219010200	421904466217	4219010200100620001008935	별관,본관,숙직실,창고	장성여자중학교	강원도	태백시	장성동	None	하장성1길	10	0	62	1	0	0	0	
[INFO|functions.py:82] 2020-01-12 21:13:17,177 > 1	2	강원도 태백시 장성동 109-3	   	       	1	1	1	0	정상	None	강원도 태백시 장성로 265(장성동)	강원도 태백시 장성로 265	(장성동)	강원도 태백시 장성동 109-3	265, Jangseong-ro, Taebaek-si, Gangwon-do	26047	4219010200	421903222014	4219010200101100002009577	별관,본관,창고,학도병기념관	태백중학교	강원도	태백시	장성동	None	장성로	265	0	109	3	0	0	0	
[INFO|functions.py:82] 2020-01-12 21:13:17,293 > 2	3	강원도 태백시 황지동 59-163	   	       	1	1	1	0	정상	None	강원도 태백시 문화로 16(황지동)	강원도 태백시 문화로 16	(황지동)	강원도 태백시 황지동 59-163	16, Munhwa-ro, Taebaek-si, Gangwon-do	26018	4219010100	421903222005	4219010100100590163005904	별관,본관,숙소,제1관사,제2관사,창고	황지중학교	강원도	태백시	황지동	None	문화로	16	0	59	163	0	0	0	
[INFO|functions.py:82] 2020-01-12 21:13:17,353 > 3	4	강원도 태백시 황지동 274-13	   	       	2	1	1	0	정상	None	강원도 태백시 연지로33번길 26(황지동)	강원도 태백시 연지로33번길 26	(황지동)	강원도 태백시 황지동 274-13	26, Yeonji-ro 33beon-gil, Taebaek-si, Gangwon-do	26026	4219010100	421904466147	4219010100102740013005884	별관,본관,수영장,창고	세연중학교	강원도	태백시	황지동	None	연지로33번길	26	0	274	13	0	0	0	
[INFO|functions.py:82] 2020-01-12 21:13:17,402 > 4	5	강원도 태백시 황지동 166-2	   	       	2	1	1	0	정상	None	강원도 태백시 번영로 11(황지동)	강원도 태백시 번영로 11	(황지동)	강원도 태백시 황지동 166-2	11, Beonyeong-ro, Taebaek-si, Gangwon-do	26036	4219010100	421903222006	4219010100101620002005722	본관,숙소	함태중학교	강원도	태백시	황지동	None	번영로	11	0	166	2	0	0	0	
[INFO|functions.py:82] 2020-01-12 21:13:17,441 > 5	6	강원도 태백시 황지동 123	   	       	12	1	1	0	정상	None	강원도 태백시 태백로 1221(황지동)	강원도 태백시 태백로 1221	(황지동)	강원도 태백시 황지동 123	1221, Taebaek-ro, Taebaek-si, Gangwon-do	26040	4219010100	421903000156	4219010100101230000003480	별관,본관	상장중학교	강원도	태백시	황지동	None	태백로	1221	0	123	0	0	0	0	
[INFO|functions.py:82] 2020-01-12 21:13:17,474 > 6	7	강원도 태백시 장성동 207-2	   	       	1	1	1	0	정상	None	강원도 태백시 태백로 1811(장성동)	강원도 태백시 태백로 1811	(장성동)	강원도 태백시 장성동 207-2	1811, Taebaek-ro, Taebaek-si, Gangwon-do	26050	4219010200	421903000156	4219010200102070002009586	관사,별관,본관,창고	태백초등학교	강원도	태백시	장성동	None	태백로	1811	0	207	2	0	0	0	
[INFO|functions.py:82] 2020-01-12 21:13:17,509 > 7	8	강원도 태백시 동점동 60-1	   	       	1	1	1	0	정상	None	강원도 태백시 방터골1길 59(동점동)	강원도 태백시 방터골1길 59	(동점동)	강원도 태백시 동점동 60-1	59, Bangteogol 1-gil, Taebaek-si, Gangwon-do	26048	4219010600	421904466060	4219010600100600001006280	가정집,급식소,본관,창고	동점초등학교	강원도	태백시	동점동	None	방터골1길	59	0	60	1	0	0	0	
[INFO|functions.py:82] 2020-01-12 21:13:17,529 > 8	9	강원도 태백시 황지동 123-1	   	       	1	1	1	0	정상	None	강원도 태백시 태백로 1223(황지동)	강원도 태백시 태백로 1223	(황지동)	강원도 태백시 황지동 123-1	1223, Taebaek-ro, Taebaek-si, Gangwon-do	26040	4219010100	421903000156	4219010100101230001003484	본관,창고	상장초등학교	강원도	태백시	황지동	None	태백로	1223	0	123	1	0	0	0	
[INFO|functions.py:82] 2020-01-12 21:13:17,590 > 9	10	강원도 태백시 철암동 341-2	   	       	1	1	1	0	정상	None	강원도 태백시 동태백로 584(철암동)	강원도 태백시 동태백로 584	(철암동)	강원도 태백시 철암동 341-2	584, Dongtaebaek-ro, Taebaek-si, Gangwon-do	26046	4219010400	421903222004	4219010400103410003006645	관사,별관 2,본관,창고	철암초등학교	강원도	태백시	철암동	None	동태백로	584	0	341	2	0	0	0	
[INFO|functions.py:82] 2020-01-12 21:13:17,657 > 10	11	강원도 태백시 소도동 5-5	   	       	1	1	1	0	정상	None	강원도 태백시 소도길 69(소도동)	강원도 태백시 소도길 69	(소도동)	강원도 태백시 소도동 5-5	69, Sodo-gil, Taebaek-si, Gangwon-do	26043	4219010700	421904466118	4219010700100050005011705	None	함태초등학교	강원도	태백시	소도동	None	소도길	69	0	5	5	0	0	0	
[INFO|functions.py:82] 2020-01-12 21:13:17,694 > 11	12	강원도 태백시 장성동 32-2	   	       	1	1	1	0	정상	None	강원도 태백시 평화길 44(장성동)	강원도 태백시 평화길 44	(장성동)	강원도 태백시 장성동 30	44, Pyeonghwa-gil, Taebaek-si, Gangwon-do	26047	4219010200	421904466214	4219010200100320002008739	병설유치원,본관,창고	삼성초등학교	강원도	태백시	장성동	None	평화길	44	0	30	0	0	0	0	
[INFO|functions.py:82] 2020-01-12 21:13:17,749 > 12	13	강원도 태백시 황지동 274-724	   	       	1	1	1	0	정상	None	강원도 태백시 태백로 802(황지동)	강원도 태백시 태백로 802	(황지동)	강원도 태백시 황지동 274-724	802, Taebaek-ro, Taebaek-si, Gangwon-do	26025	4219010100	421903000156	4219010100102740724005582	별관,본관,창고	태서초등학교	강원도	태백시	황지동	None	태백로	802	0	274	724	0	0	0	
[INFO|functions.py:82] 2020-01-12 21:13:17,821 > 13	14	강원도 태백시 통동 69-8	   	       	3	1	1	0	정상	None	강원도 태백시 통골2길 9(통동)	강원도 태백시 통골2길 9	(통동)	강원도 태백시 통동 69-8	9, Tonggol 2-gil, Taebaek-si, Gangwon-do	26029	4219011200	421904466202	4219011200100690009006888	별관,본관	통리초등학교	강원도	태백시	통동	None	통골2길	9	0	69	8	0	0	0	
[INFO|functions.py:82] 2020-01-12 21:13:17,876 > 14	15	강원도 태백시 황지동 274-10	   	       	1	1	1	0	정상	None	강원도 태백시 태백로 810(황지동)	강원도 태백시 태백로 810	(황지동)	강원도 태백시 황지동 274-10	810, Taebaek-ro, Taebaek-si, Gangwon-do	26025	4219010100	421903000156	4219010100102740010005313	관사,별관,별관2,본관,창고	황지중앙초등학교	강원도	태백시	황지동	None	태백로	810	0	274	10	0	0	0	
[INFO|functions.py:82] 2020-01-12 21:13:17,916 > 15	16	강원도 태백시 황지동 85-1	   	       	1	1	1	0	정상	None	강원도 태백시 황지로 63(황지동)	강원도 태백시 황지로 63	(황지동)	강원도 태백시 황지동 85-1	63, Hwangji-ro, Taebaek-si, Gangwon-do	26020	4219010100	421903222013	4219010100100850001005923	관사,별관 1,별관 2,별관 3,본관,창고	황지초등학교	강원도	태백시	황지동	None	황지로	63	0	85	1	0	0	0	
[INFO|functions.py:82] 2020-01-12 21:13:17,960 > 16	17	강원도 태백시 원동 6-3	   	       	1	1	1	0	정상	None	강원도 태백시 역둔원동로 1405(원동)	강원도 태백시 역둔원동로 1405	(원동)	강원도 태백시 원동 6-3	1405, Yeokdunwondong-ro, Taebaek-si, Gangwon-do	26001	4219011400	421903224038	4219011400100060003000514	관사,본관,창고,화장실	미동초교	강원도	태백시	원동	None	역둔원동로	1405	0	6	3	0	0	0	
[INFO|functions.py:82] 2020-01-12 21:13:17,979 > 17	18	강원도 태백시 장성동 153-1	   	       	3	1	1	0	정상	None	강원도 태백시 보드미길 26(장성동)	강원도 태백시 보드미길 26	(장성동)	강원도 태백시 장성동 153-1	26, Bodeumi-gil, Taebaek-si, Gangwon-do	26052	4219010200	421904466075	4219010200101530001008951	관사,별관,본관,숙소,창고,체육관	장성초등학교	강원도	태백시	장성동	None	보드미길	26	0	153	1	0	0	0	
[INFO|functions.py:82] 2020-01-12 21:13:18,040 > 18	19	강원도 태백시 금천동 14	   	       	4	1	1	0	정상	None	강원도 태백시 금천길 183(금천동)	강원도 태백시 금천길 183	(금천동)	강원도 태백시 금천동 14-2	183, Geumcheon-gil, Taebaek-si, Gangwon-do	26053	4219010300	421904466026	4219010300100200000011207	None	None	강원도	태백시	금천동	None	금천길	183	0	14	2	0	0	0	
[INFO|functions.py:82] 2020-01-12 21:13:18,059 > 19	20	강원도 태백시 금천동 12-20	   	       	1	1	1	0	정상	None	강원도 태백시 금천길 159(금천동)	강원도 태백시 금천길 159	(금천동)	강원도 태백시 금천동 12-12	159, Geumcheon-gil, Taebaek-si, Gangwon-do	26053	4219010300	421904466026	4219010300100120012000001	None	None	강원도	태백시	금천동	None	금천길	159	0	12	12	0	0	0	
[INFO|functions.py:82] 2020-01-12 21:13:18,120 > 20	21	강원도 태백시 혈동 175-2	   	       	1	1	1	0	정상	None	강원도 태백시 태백산로 4121(혈동)	강원도 태백시 태백산로 4121	(혈동)	강원도 태백시 혈동 175-2	4121, Taebaeksan-ro, Taebaek-si, Gangwon-do	26042	4219010800	421903013014	4219010800101750002009663	None	태백현장 체험학습장	강원도	태백시	혈동	None	태백산로	4121	0	175	2	0	0	0	
[INFO|functions.py:82] 2020-01-12 21:13:18,239 > 21	22	강원도 평창군 평창읍 중리 160	   	       	1	1	1	0	정상	None	강원도 평창군 평창읍 노람들길 141	강원도 평창군 평창읍 노람들길 141	None	강원도 평창군 평창읍 중리 160	141, Noramdeul-gil, Pyeongchang-eup, Pyeongchang-gun, Gangwon-do	25375	4276025022	427604484064	4276025022101600000020233	None	평창고등학교	강원도	평창군	평창읍	중리	노람들길	141	0	160	0	0	0	0	
[INFO|functions.py:82] 2020-01-12 21:13:18,279 > 22	23	강원도 평창군 평창읍 중리 116-1	   	       	1	1	1	0	정상	None	강원도 평창군 평창읍 노성로 265-46	강원도 평창군 평창읍 노성로 265-46	None	강원도 평창군 평창읍 중리 116-1	265-46, Noseong-ro, Pyeongchang-eup, Pyeongchang-gun, Gangwon-do	25375	4276025022	427603228005	4276025022101160001024541	None	None	강원도	평창군	평창읍	중리	노성로	265	46	116	1	0	0	0	
[INFO|functions.py:82] 2020-01-12 21:13:18,302 > 23	24	강원도 평창군 평창읍 중리 185-2	   	       	0	1	1	0	정상	
[INFO|functions.py:82] 2020-01-12 21:13:18,437 > 24	25	강원도 평창군 대화면 대화리 440-3	   	       	1	1	1	0	정상	None	강원도 평창군 대화면 남산길 20-1	강원도 평창군 대화면 남산길 20-1	None	강원도 평창군 대화면 대화리 440-3	20-1, Namsan-gil, Daehwa-myeon, Pyeongchang-gun, Gangwon-do	25360	4276033021	427604484060	4276033021104400003006076	None	None	강원도	평창군	대화면	대화리	남산길	20	1	440	3	0	0	0	
[INFO|functions.py:82] 2020-01-12 21:13:18,465 > 25	26	강원도 평창군 대화면 대화리 476	   	       	2	1	1	0	정상	None	강원도 평창군 대화면 던짓골길 396-44	강원도 평창군 대화면 던짓골길 396-44	None	강원도 평창군 대화면 대화리 47-6	396-44, Deonjitgol-gil, Daehwa-myeon, Pyeongchang-gun, Gangwon-do	25355	4276033021	427604484098	4276033021100470006000001	None	None	강원도	평창군	대화면	대화리	던짓골길	396	44	47	6	0	0	0	
[INFO|functions.py:82] 2020-01-12 21:13:18,544 > 26	27	강원도 평창군 진부면 하진부리 258-2	   	       	1	1	1	0	정상	None	강원도 평창군 진부면 솔천길 69	강원도 평창군 진부면 솔천길 69	None	강원도 평창군 진부면 하진부리 258-2	69, Solcheon-gil, Jinbu-myeon, Pyeongchang-gun, Gangwon-do	25333	4276036021	427604484220	4276036021102580002014516	None	진부중.고등학교	강원도	평창군	진부면	하진부리	솔천길	69	0	258	2	0	0	0	
[INFO|functions.py:82] 2020-01-12 21:13:18,626 > 27	28	강원도 평창군 봉평면 창동리 332	   	       	1	1	1	0	정상	None	강원도 평창군 봉평면 기풍4길 27-6	강원도 평창군 봉평면 기풍4길 27-6	None	강원도 평창군 봉평면 창동리 332	27-6, Gipung 4-gil, Bongpyeong-myeon, Pyeongchang-gun, Gangwon-do	25303	4276034021	427604484048	4276034021103650007132123	교사동,다목적체육관	봉평중고등학교	강원도	평창군	봉평면	창동리	기풍4길	27	6	332	0	0	0	0	
[INFO|functions.py:82] 2020-01-12 21:13:18,657 > 28	29	강원도 평창군 평창읍 하리 104-3	   	       	2	1	1	0	정상	None	강원도 평창군 평창읍 평창중앙로 83-17	강원도 평창군 평창읍 평창중앙로 83-17	None	강원도 평창군 평창읍 하리 104-3	83-17, Pyeongchangjungang-ro, Pyeongchang-eup, Pyeongchang-gun, Gangwon-do	25374	4276025023	427603228029	4276025023101040003026137	None	평창도서관	강원도	평창군	평창읍	하리	평창중앙로	83	17	104	3	0	0	0	
[INFO|functions.py:82] 2020-01-12 21:13:18,681 > 29	30	강원도 평창군 평창읍 중리 288	   	       	2	1	1	0	정상	None	강원도 평창군 평창읍 노성로 193-2	강원도 평창군 평창읍 노성로 193-2	None	강원도 평창군 평창읍 중리 288	193-2, Noseong-ro, Pyeongchang-eup, Pyeongchang-gun, Gangwon-do	25375	4276025022	427603228005	4276025022102880000025131	None	None	강원도	평창군	평창읍	중리	노성로	193	2	288	0	0	0	0	
[INFO|functions.py:93] 2020-01-12 21:13:18,682 > End Juso Extract
[INFO|main.py:13] 2020-01-13 23:57:16,211 > input file : E:\python\python_project\extJuso\app\Files\INPUT.xlsx
[INFO|main.py:17] 2020-01-13 23:57:16,211 > output file : E:\python\python_project\extJuso\app\Files\OUTPUT.txt
[INFO|functions.py:20] 2020-01-13 23:57:16,212 > Start Juso Extract-makeOutput
[INFO|functions.py:70] 2020-01-13 23:57:16,358 > start time : 2020-01-13 23:57:16
[INFO|main.py:22] 2020-01-13 23:57:18,372 > <urlopen error [WinError 10061] 대상 컴퓨터에서 연결을 거부했으므로 연결하지 못했습니다>
[INFO|main.py:13] 2020-01-13 23:59:31,099 > input file : E:\python\python_project\extJuso\app\Files\INPUT.xlsx
[INFO|main.py:17] 2020-01-13 23:59:31,099 > output file : E:\python\python_project\extJuso\app\Files\OUTPUT.txt
[INFO|functions.py:20] 2020-01-13 23:59:31,100 > Start Juso Extract-makeOutput
[INFO|functions.py:70] 2020-01-13 23:59:31,112 > start time : 2020-01-13 23:59:31
[INFO|main.py:22] 2020-01-13 23:59:33,126 > <urlopen error [WinError 10061] 대상 컴퓨터에서 연결을 거부했으므로 연결하지 못했습니다>
